==8904== Memcheck, a memory error detector
==8904== Copyright (C) 2002-2013, and GNU GPL'd, by Julian Seward et al.
==8904== Using Valgrind-3.9.0 and LibVEX; rerun with -h for copyright info
==8904== Command: ./test_fragmenter.exe
==8904== 
==8904== 
==8904== HEAP SUMMARY:
==8904==     in use at exit: 196,805 bytes in 3,383 blocks
==8904==   total heap usage: 68,985 allocs, 65,602 frees, 3,258,704 bytes allocated
==8904== 
==8904== LEAK SUMMARY:
==8904==    definitely lost: 0 bytes in 0 blocks
==8904==    indirectly lost: 0 bytes in 0 blocks
==8904==      possibly lost: 3,057 bytes in 113 blocks
==8904==    still reachable: 193,748 bytes in 3,270 blocks
==8904==         suppressed: 0 bytes in 0 blocks
==8904== Rerun with --leak-check=full to see details of leaked memory
==8904== 
==8904== For counts of detected and suppressed errors, rerun with: -v
==8904== ERROR SUMMARY: 0 errors from 0 contexts (suppressed: 2 from 2)
